{
  "RSpec": {
    "coverage": {
      "/home/bonzo/study/google-scraping/app/models/user.rb": [
        1,
        null,
        null,
        1,
        null,
        null
      ],
      "/home/bonzo/study/google-scraping/app/models/application_record.rb": [
        1,
        1,
        null
      ],
      "/home/bonzo/study/google-scraping/app/helpers/application_helper.rb": [
        1,
        null
      ],
      "/home/bonzo/study/google-scraping/app/helpers/keywords_helper.rb": [
        1,
        null
      ],
      "/home/bonzo/study/google-scraping/app/helpers/static_pages_helper.rb": [
        1,
        null
      ],
      "/home/bonzo/study/google-scraping/app/controllers/keywords_controller.rb": [
        1,
        1,
        null,
        1,
        2,
        null,
        null,
        null,
        2,
        null,
        null,
        2,
        null,
        null,
        2,
        2,
        null,
        2,
        2,
        2,
        1,
        1,
        null,
        null,
        null,
        null,
        null,
        null,
        1,
        2,
        1,
        1,
        1,
        null,
        1,
        1,
        null,
        null,
        null,
        null,
        1,
        0,
        null,
        null,
        null
      ],
      "/home/bonzo/study/google-scraping/app/controllers/application_controller.rb": [
        1,
        null,
        1,
        1,
        1,
        null,
        1,
        null
      ],
      "/home/bonzo/study/google-scraping/lib/application_responder.rb": [
        1,
        1,
        1,
        null,
        null,
        null,
        null,
        null
      ],
      "/home/bonzo/study/google-scraping/app/models/keyword.rb": [
        1,
        null,
        1,
        1,
        null,
        1,
        1,
        1,
        1,
        null,
        null,
        null,
        null,
        1,
        0,
        0,
        null,
        0,
        null,
        null,
        null,
        1,
        0,
        null,
        null,
        0,
        null,
        null,
        0,
        null,
        null,
        null,
        1,
        0,
        0,
        null,
        null,
        null,
        0,
        null,
        null,
        null
      ],
      "/home/bonzo/study/google-scraping/app/pdf/keywords_report_pdf.rb": [
        1,
        1,
        1,
        1,
        1,
        1,
        1,
        1,
        null,
        null,
        1,
        1,
        1,
        1,
        1,
        null,
        null,
        null,
        1,
        1,
        null,
        null,
        1,
        1,
        1,
        null,
        1,
        0,
        null,
        null,
        1,
        null,
        null,
        null
      ],
      "/home/bonzo/study/google-scraping/app/workers/scrape_worker.rb": [
        1,
        1,
        null,
        1,
        1,
        null,
        1,
        0,
        0,
        0,
        null,
        0,
        null,
        null,
        0,
        null,
        null,
        0,
        null,
        null,
        0,
        null,
        null,
        0,
        null,
        null,
        0,
        null,
        null,
        null,
        0,
        null,
        null,
        0,
        0,
        0,
        null,
        null,
        null,
        0,
        0,
        0,
        null,
        null,
        null,
        0,
        0,
        0,
        null,
        null,
        0,
        null,
        null,
        null,
        null,
        null,
        null,
        null
      ],
      "/home/bonzo/study/google-scraping/app/jobs/application_job.rb": [
        0,
        0
      ],
      "/home/bonzo/study/google-scraping/app/mailers/application_mailer.rb": [
        0,
        0,
        0,
        0
      ],
      "/home/bonzo/study/google-scraping/app/channels/application_cable/channel.rb": [
        0,
        0,
        0,
        0
      ],
      "/home/bonzo/study/google-scraping/app/channels/application_cable/connection.rb": [
        0,
        0,
        0,
        0
      ],
      "/home/bonzo/study/google-scraping/app/controllers/static_pages_controller.rb": [
        0,
        0,
        0,
        null,
        0,
        0,
        0
      ],
      "/home/bonzo/study/google-scraping/app/controllers/api/v1/keywords_controller.rb": [
        0,
        0,
        0,
        null,
        0,
        0,
        0,
        0,
        0,
        null,
        0,
        0,
        0,
        0,
        0,
        0,
        0,
        0,
        null,
        0,
        0,
        0,
        0,
        0,
        null,
        0,
        0,
        0,
        0,
        0,
        null,
        0,
        0,
        0,
        0,
        0,
        null,
        0,
        0,
        0,
        0,
        0
      ]
    },
    "timestamp": 1514834535
  }
}
